[debug] [2025-07-25T10:26:22.083Z] ----------------------------------------------------------------------
[debug] [2025-07-25T10:26:22.088Z] Command:       C:\Program Files\nodejs\node.exe C:\Users\karim\AppData\Roaming\npm\node_modules\firebase-tools\lib\bin\firebase.js deploy --only functions --project pet-health-tracker-4ec31
[debug] [2025-07-25T10:26:22.092Z] CLI Version:   14.11.1
[debug] [2025-07-25T10:26:22.093Z] Platform:      win32
[debug] [2025-07-25T10:26:22.093Z] Node Version:  v22.12.0
[debug] [2025-07-25T10:26:22.094Z] Time:          Fri Jul 25 2025 12:26:22 GMT+0200 (South Africa Standard Time)
[debug] [2025-07-25T10:26:22.094Z] ----------------------------------------------------------------------
[debug] 
[debug] [2025-07-25T10:26:22.823Z] > command requires scopes: ["email","openid","https://www.googleapis.com/auth/cloudplatformprojects.readonly","https://www.googleapis.com/auth/firebase","https://www.googleapis.com/auth/cloud-platform"]
[debug] [2025-07-25T10:26:22.823Z] > authorizing via signed-in user (drkimogad@gmail.com)
[debug] [2025-07-25T10:26:22.824Z] [iam] checking project pet-health-tracker-4ec31 for permissions ["cloudfunctions.functions.create","cloudfunctions.functions.delete","cloudfunctions.functions.get","cloudfunctions.functions.list","cloudfunctions.functions.update","cloudfunctions.operations.get","firebase.projects.get"]
[debug] [2025-07-25T10:26:22.826Z] Checked if tokens are valid: true, expires at: 1753441794918
[debug] [2025-07-25T10:26:22.826Z] Checked if tokens are valid: true, expires at: 1753441794918
[debug] [2025-07-25T10:26:22.829Z] >>> [apiv2][query] POST https://cloudresourcemanager.googleapis.com/v1/projects/pet-health-tracker-4ec31:testIamPermissions [none]
[debug] [2025-07-25T10:26:22.829Z] >>> [apiv2][(partial)header] POST https://cloudresourcemanager.googleapis.com/v1/projects/pet-health-tracker-4ec31:testIamPermissions x-goog-quota-user=projects/pet-health-tracker-4ec31
[debug] [2025-07-25T10:26:22.829Z] >>> [apiv2][body] POST https://cloudresourcemanager.googleapis.com/v1/projects/pet-health-tracker-4ec31:testIamPermissions {"permissions":["cloudfunctions.functions.create","cloudfunctions.functions.delete","cloudfunctions.functions.get","cloudfunctions.functions.list","cloudfunctions.functions.update","cloudfunctions.operations.get","firebase.projects.get"]}
[debug] [2025-07-25T10:26:23.621Z] <<< [apiv2][status] POST https://cloudresourcemanager.googleapis.com/v1/projects/pet-health-tracker-4ec31:testIamPermissions 200
[debug] [2025-07-25T10:26:23.622Z] <<< [apiv2][body] POST https://cloudresourcemanager.googleapis.com/v1/projects/pet-health-tracker-4ec31:testIamPermissions {"permissions":["cloudfunctions.functions.create","cloudfunctions.functions.delete","cloudfunctions.functions.get","cloudfunctions.functions.list","cloudfunctions.functions.update","cloudfunctions.operations.get","firebase.projects.get"]}
[debug] [2025-07-25T10:26:23.622Z] Checked if tokens are valid: true, expires at: 1753441794918
[debug] [2025-07-25T10:26:23.622Z] Checked if tokens are valid: true, expires at: 1753441794918
[debug] [2025-07-25T10:26:23.622Z] >>> [apiv2][query] POST https://iam.googleapis.com/v1/projects/pet-health-tracker-4ec31/serviceAccounts/pet-health-tracker-4ec31@appspot.gserviceaccount.com:testIamPermissions [none]
[debug] [2025-07-25T10:26:23.623Z] >>> [apiv2][body] POST https://iam.googleapis.com/v1/projects/pet-health-tracker-4ec31/serviceAccounts/pet-health-tracker-4ec31@appspot.gserviceaccount.com:testIamPermissions {"permissions":["iam.serviceAccounts.actAs"]}
[debug] [2025-07-25T10:26:25.437Z] <<< [apiv2][status] POST https://iam.googleapis.com/v1/projects/pet-health-tracker-4ec31/serviceAccounts/pet-health-tracker-4ec31@appspot.gserviceaccount.com:testIamPermissions 200
[debug] [2025-07-25T10:26:25.437Z] <<< [apiv2][body] POST https://iam.googleapis.com/v1/projects/pet-health-tracker-4ec31/serviceAccounts/pet-health-tracker-4ec31@appspot.gserviceaccount.com:testIamPermissions {"permissions":["iam.serviceAccounts.actAs"]}
[info] 
[info] === Deploying to 'pet-health-tracker-4ec31'...
[info] 
[info] i  deploying functions 
[debug] [2025-07-25T10:26:25.454Z] Checked if tokens are valid: true, expires at: 1753441794918
[debug] [2025-07-25T10:26:25.455Z] Checked if tokens are valid: true, expires at: 1753441794918
[debug] [2025-07-25T10:26:25.455Z] >>> [apiv2][query] GET https://cloudresourcemanager.googleapis.com/v1/projects/pet-health-tracker-4ec31 [none]
[debug] [2025-07-25T10:26:25.762Z] <<< [apiv2][status] GET https://cloudresourcemanager.googleapis.com/v1/projects/pet-health-tracker-4ec31 200
[debug] [2025-07-25T10:26:25.762Z] <<< [apiv2][body] GET https://cloudresourcemanager.googleapis.com/v1/projects/pet-health-tracker-4ec31 {"projectNumber":"123508617321","projectId":"pet-health-tracker-4ec31","lifecycleState":"ACTIVE","name":"Pet-Health-Tracker","labels":{"firebase":"enabled","firebase-core":"disabled"},"createTime":"2025-05-29T18:02:06.677453Z"}
[info] i  functions: preparing codebase default for deployment 
[info] i  functions: ensuring required API cloudfunctions.googleapis.com is enabled... 
[info] i  functions: ensuring required API cloudbuild.googleapis.com is enabled... 
[info] i  artifactregistry: ensuring required API artifactregistry.googleapis.com is enabled... 
[debug] [2025-07-25T10:26:25.766Z] Checked if tokens are valid: true, expires at: 1753441794918
[debug] [2025-07-25T10:26:25.766Z] Checked if tokens are valid: true, expires at: 1753441794918
[debug] [2025-07-25T10:26:25.766Z] >>> [apiv2][query] GET https://firebase.googleapis.com/v1beta1/projects/pet-health-tracker-4ec31/adminSdkConfig [none]
[debug] [2025-07-25T10:26:26.504Z] <<< [apiv2][status] GET https://firebase.googleapis.com/v1beta1/projects/pet-health-tracker-4ec31/adminSdkConfig 200
[debug] [2025-07-25T10:26:26.504Z] <<< [apiv2][body] GET https://firebase.googleapis.com/v1beta1/projects/pet-health-tracker-4ec31/adminSdkConfig {"projectId":"pet-health-tracker-4ec31","storageBucket":"pet-health-tracker-4ec31.firebasestorage.app"}
[debug] [2025-07-25T10:26:26.505Z] Checked if tokens are valid: true, expires at: 1753441794918
[debug] [2025-07-25T10:26:26.505Z] Checked if tokens are valid: true, expires at: 1753441794918
[debug] [2025-07-25T10:26:26.505Z] >>> [apiv2][query] GET https://runtimeconfig.googleapis.com/v1beta1/projects/pet-health-tracker-4ec31/configs [none]
[debug] [2025-07-25T10:26:27.758Z] <<< [apiv2][status] GET https://runtimeconfig.googleapis.com/v1beta1/projects/pet-health-tracker-4ec31/configs 200
[debug] [2025-07-25T10:26:27.759Z] <<< [apiv2][body] GET https://runtimeconfig.googleapis.com/v1beta1/projects/pet-health-tracker-4ec31/configs {"configs":[{"name":"projects/pet-health-tracker-4ec31/configs/cloudinary"}]}
[debug] [2025-07-25T10:26:27.759Z] Checked if tokens are valid: true, expires at: 1753441794918
[debug] [2025-07-25T10:26:27.759Z] Checked if tokens are valid: true, expires at: 1753441794918
[debug] [2025-07-25T10:26:27.759Z] >>> [apiv2][query] GET https://runtimeconfig.googleapis.com/v1beta1/projects/pet-health-tracker-4ec31/configs/cloudinary/variables [none]
[debug] [2025-07-25T10:26:28.097Z] <<< [apiv2][status] GET https://runtimeconfig.googleapis.com/v1beta1/projects/pet-health-tracker-4ec31/configs/cloudinary/variables 200
[debug] [2025-07-25T10:26:28.097Z] <<< [apiv2][body] GET https://runtimeconfig.googleapis.com/v1beta1/projects/pet-health-tracker-4ec31/configs/cloudinary/variables {"variables":[{"name":"projects/pet-health-tracker-4ec31/configs/cloudinary/variables/api_key","updateTime":"2025-07-24T18:16:05.605526669Z"},{"name":"projects/pet-health-tracker-4ec31/configs/cloudinary/variables/api_secret","updateTime":"2025-07-24T18:16:05.145183421Z"},{"name":"projects/pet-health-tracker-4ec31/configs/cloudinary/variables/cloud_name","updateTime":"2025-07-24T18:16:03.922134818Z"}]}
[debug] [2025-07-25T10:26:28.097Z] Checked if tokens are valid: true, expires at: 1753441794918
[debug] [2025-07-25T10:26:28.097Z] Checked if tokens are valid: true, expires at: 1753441794918
[debug] [2025-07-25T10:26:28.097Z] Checked if tokens are valid: true, expires at: 1753441794918
[debug] [2025-07-25T10:26:28.098Z] Checked if tokens are valid: true, expires at: 1753441794918
[debug] [2025-07-25T10:26:28.098Z] Checked if tokens are valid: true, expires at: 1753441794918
[debug] [2025-07-25T10:26:28.098Z] Checked if tokens are valid: true, expires at: 1753441794918
[debug] [2025-07-25T10:26:28.098Z] >>> [apiv2][query] GET https://runtimeconfig.googleapis.com/v1beta1/projects/pet-health-tracker-4ec31/configs/cloudinary/variables/api_key [none]
[debug] [2025-07-25T10:26:28.099Z] >>> [apiv2][query] GET https://runtimeconfig.googleapis.com/v1beta1/projects/pet-health-tracker-4ec31/configs/cloudinary/variables/api_secret [none]
[debug] [2025-07-25T10:26:28.102Z] >>> [apiv2][query] GET https://runtimeconfig.googleapis.com/v1beta1/projects/pet-health-tracker-4ec31/configs/cloudinary/variables/cloud_name [none]
[debug] [2025-07-25T10:26:28.721Z] <<< [apiv2][status] GET https://runtimeconfig.googleapis.com/v1beta1/projects/pet-health-tracker-4ec31/configs/cloudinary/variables/cloud_name 200
[debug] [2025-07-25T10:26:28.721Z] <<< [apiv2][body] GET https://runtimeconfig.googleapis.com/v1beta1/projects/pet-health-tracker-4ec31/configs/cloudinary/variables/cloud_name {"name":"projects/pet-health-tracker-4ec31/configs/cloudinary/variables/cloud_name","updateTime":"2025-07-24T18:16:03.922134818Z","text":"dh7d6otgu"}
[debug] [2025-07-25T10:26:28.980Z] <<< [apiv2][status] GET https://runtimeconfig.googleapis.com/v1beta1/projects/pet-health-tracker-4ec31/configs/cloudinary/variables/api_key 200
[debug] [2025-07-25T10:26:28.980Z] <<< [apiv2][body] GET https://runtimeconfig.googleapis.com/v1beta1/projects/pet-health-tracker-4ec31/configs/cloudinary/variables/api_key {"name":"projects/pet-health-tracker-4ec31/configs/cloudinary/variables/api_key","updateTime":"2025-07-24T18:16:05.605526669Z","text":"956144941869967"}
[debug] [2025-07-25T10:26:29.139Z] <<< [apiv2][status] GET https://runtimeconfig.googleapis.com/v1beta1/projects/pet-health-tracker-4ec31/configs/cloudinary/variables/api_secret 200
[debug] [2025-07-25T10:26:29.139Z] <<< [apiv2][body] GET https://runtimeconfig.googleapis.com/v1beta1/projects/pet-health-tracker-4ec31/configs/cloudinary/variables/api_secret {"name":"projects/pet-health-tracker-4ec31/configs/cloudinary/variables/api_secret","updateTime":"2025-07-24T18:16:05.145183421Z","text":"*********************************"}
[debug] [2025-07-25T10:26:29.140Z] Validating nodejs source
[warn] !  functions: Runtime Node.js 18 was deprecated on 2025-04-30 and will be decommissioned on 2025-10-30, after which you will not be able to deploy without upgrading. Consider upgrading now to avoid disruption. See https://cloud.google.com/functions/docs/runtime-support for full details on the lifecycle policy 
[warn] !  functions: package.json indicates an outdated version of firebase-functions. Please upgrade using npm install --save firebase-functions@latest in your functions directory. 
[warn] !  functions: Please note that there will be breaking changes when you upgrade. 
[debug] [2025-07-25T10:26:34.528Z] > [functions] package.json contents: {
  "name": "functions",
  "description": "Cloudinary Image Deletion",
  "scripts": {
    "lint": "eslint .",
    "serve": "firebase emulators:start --only functions",
    "shell": "firebase functions:shell",
    "start": "npm run shell",
    "deploy": "firebase deploy --only functions",
    "logs": "firebase functions:log"
  },
  "engines": {
    "node": "18"
  },
  "main": "index.js",
  "dependencies": {
    "firebase-admin": "^11.11.1",
    "firebase-functions": "^4.9.0",
    "cloudinary": "^1.37.0"
  },
  "private": true
}
[debug] [2025-07-25T10:26:34.528Z] Building nodejs source
[info] i  functions: Loading and analyzing source code for codebase default to determine what to deploy 
[info] i  functions: You are using a version of firebase-functions SDK (4.9.0) that does not have support for the newest Firebase Extensions features. Please update firebase-functions SDK to >=5.1.0 to use them correctly 
[debug] [2025-07-25T10:26:34.533Z] Could not find functions.yaml. Must use http discovery
[debug] [2025-07-25T10:26:35.043Z] Found firebase-functions binary at 'C:\Users\karim\OneDrive\Desktop\Pet-Health-Tracker-main\functions\node_modules\.bin\firebase-functions'
[info] Serving at port 8615

[debug] [2025-07-25T10:26:40.689Z] Got response from /__/functions.yaml {"endpoints":{"deleteImage":{"platform":"gcfv1","labels":{},"availableMemoryMb":null,"timeoutSeconds":null,"minInstances":null,"maxInstances":null,"ingressSettings":null,"serviceAccountEmail":null,"vpc":null,"callableTrigger":{},"entryPoint":"deleteImage"}},"specVersion":"v1alpha1","requiredAPIs":[]}
[info] i  functions: preparing functions directory for uploading... 
[info] i  functions: packaged C:\Users\karim\OneDrive\Desktop\Pet-Health-Tracker-main\functions (21.7 KB) for uploading 
[debug] [2025-07-25T10:26:44.821Z] Checked if tokens are valid: true, expires at: 1753441794918
[debug] [2025-07-25T10:26:44.821Z] Checked if tokens are valid: true, expires at: 1753441794918
[debug] [2025-07-25T10:26:44.822Z] >>> [apiv2][query] GET https://cloudfunctions.googleapis.com/v1/projects/pet-health-tracker-4ec31/locations/-/functions [none]
[debug] [2025-07-25T10:26:45.875Z] <<< [apiv2][status] GET https://cloudfunctions.googleapis.com/v1/projects/pet-health-tracker-4ec31/locations/-/functions 200
[debug] [2025-07-25T10:26:45.875Z] <<< [apiv2][body] GET https://cloudfunctions.googleapis.com/v1/projects/pet-health-tracker-4ec31/locations/-/functions {}
[debug] [2025-07-25T10:26:45.876Z] Checked if tokens are valid: true, expires at: 1753441794918
[debug] [2025-07-25T10:26:45.876Z] Checked if tokens are valid: true, expires at: 1753441794918
[debug] [2025-07-25T10:26:45.876Z] >>> [apiv2][query] GET https://cloudfunctions.googleapis.com/v2/projects/pet-health-tracker-4ec31/locations/-/functions filter=environment%3D%22GEN_2%22
[debug] [2025-07-25T10:27:00.124Z] <<< [apiv2][status] GET https://cloudfunctions.googleapis.com/v2/projects/pet-health-tracker-4ec31/locations/-/functions 200
[debug] [2025-07-25T10:27:00.124Z] <<< [apiv2][body] GET https://cloudfunctions.googleapis.com/v2/projects/pet-health-tracker-4ec31/locations/-/functions {}
[debug] [2025-07-25T10:27:00.133Z] Checked if tokens are valid: true, expires at: 1753441794918
[debug] [2025-07-25T10:27:00.134Z] Checked if tokens are valid: true, expires at: 1753441794918
[debug] [2025-07-25T10:27:00.134Z] >>> [apiv2][query] GET https://cloudresourcemanager.googleapis.com/v1/projects/pet-health-tracker-4ec31 [none]
[debug] [2025-07-25T10:27:01.796Z] <<< [apiv2][status] GET https://cloudresourcemanager.googleapis.com/v1/projects/pet-health-tracker-4ec31 200
[debug] [2025-07-25T10:27:01.796Z] <<< [apiv2][body] GET https://cloudresourcemanager.googleapis.com/v1/projects/pet-health-tracker-4ec31 {"projectNumber":"123508617321","projectId":"pet-health-tracker-4ec31","lifecycleState":"ACTIVE","name":"Pet-Health-Tracker","labels":{"firebase":"enabled","firebase-core":"disabled"},"createTime":"2025-05-29T18:02:06.677453Z"}
[debug] [2025-07-25T10:27:01.798Z] Checked if tokens are valid: true, expires at: 1753441794918
[debug] [2025-07-25T10:27:01.799Z] Checked if tokens are valid: true, expires at: 1753441794918
[debug] [2025-07-25T10:27:01.799Z] >>> [apiv2][query] POST https://cloudfunctions.googleapis.com/v1/projects/pet-health-tracker-4ec31/locations/us-central1/functions:generateUploadUrl [none]
[debug] [2025-07-25T10:27:01.799Z] >>> [apiv2][body] POST https://cloudfunctions.googleapis.com/v1/projects/pet-health-tracker-4ec31/locations/us-central1/functions:generateUploadUrl {}
[debug] [2025-07-25T10:27:13.165Z] <<< [apiv2][status] POST https://cloudfunctions.googleapis.com/v1/projects/pet-health-tracker-4ec31/locations/us-central1/functions:generateUploadUrl 200
[debug] [2025-07-25T10:27:13.166Z] <<< [apiv2][body] POST https://cloudfunctions.googleapis.com/v1/projects/pet-health-tracker-4ec31/locations/us-central1/functions:generateUploadUrl {"uploadUrl":"https://storage.googleapis.com/uploads-671499653104.us-central1.cloudfunctions.appspot.com/adc38ec7-76fc-436d-aa52-1b6b91efff2a.zip?GoogleAccessId=service-123508617321@gcf-admin-robot.iam.gserviceaccount.com&Expires=1753441031&Signature=fKgWz4FFZCx91CfFCJ2Nqhlp8y9%2BEXxLtVE1HTjM%2Bdu0CDaVZO3PapzAsPV1NJiS7tbPRxItRjuc5VQ0O4eZh4m3bwt4UM%2BMOpwGxddnW8w3XfcJ%2F0hSSlpZMo6r6TWjXl7HJk5GQFXjwfWBzKfJnTtyzitJYyhyGQWSOXh%2FxawSwVpKxOKJsOiibPazYCZHoBqAhThqy2KFQ%2FU48f1TtSyfoMb59Bvwv4SLoytQUfkgsJgVgyKpAJVIgVB873l6uHQ4LES%2FsAWMHw4Ld16x96TwiFeLL8B9wSBQbxX0Qz1UPM%2FIFIrUgxqh%2FcTBpEFiWHmbYXUAwXrt8feGrRK3SA%3D%3D"}
[debug] [2025-07-25T10:27:13.168Z] >>> [apiv2][query] PUT https://storage.googleapis.com/uploads-671499653104.us-central1.cloudfunctions.appspot.com/adc38ec7-76fc-436d-aa52-1b6b91efff2a.zip GoogleAccessId=service-123508617321%40gcf-admin-robot.iam.gserviceaccount.com&Expires=1753441031&Signature=fKgWz4FFZCx91CfFCJ2Nqhlp8y9%2BEXxLtVE1HTjM%2Bdu0CDaVZO3PapzAsPV1NJiS7tbPRxItRjuc5VQ0O4eZh4m3bwt4UM%2BMOpwGxddnW8w3XfcJ%2F0hSSlpZMo6r6TWjXl7HJk5GQFXjwfWBzKfJnTtyzitJYyhyGQWSOXh%2FxawSwVpKxOKJsOiibPazYCZHoBqAhThqy2KFQ%2FU48f1TtSyfoMb59Bvwv4SLoytQUfkgsJgVgyKpAJVIgVB873l6uHQ4LES%2FsAWMHw4Ld16x96TwiFeLL8B9wSBQbxX0Qz1UPM%2FIFIrUgxqh%2FcTBpEFiWHmbYXUAwXrt8feGrRK3SA%3D%3D
[debug] [2025-07-25T10:27:13.168Z] >>> [apiv2][body] PUT https://storage.googleapis.com/uploads-671499653104.us-central1.cloudfunctions.appspot.com/adc38ec7-76fc-436d-aa52-1b6b91efff2a.zip [stream]
[debug] [2025-07-25T10:27:14.103Z] <<< [apiv2][status] PUT https://storage.googleapis.com/uploads-671499653104.us-central1.cloudfunctions.appspot.com/adc38ec7-76fc-436d-aa52-1b6b91efff2a.zip 200
[debug] [2025-07-25T10:27:14.103Z] <<< [apiv2][body] PUT https://storage.googleapis.com/uploads-671499653104.us-central1.cloudfunctions.appspot.com/adc38ec7-76fc-436d-aa52-1b6b91efff2a.zip [omitted]
[info] +  functions: functions folder uploaded successfully 
[info] i  functions: creating Node.js 18 (1st Gen) function deleteImage(us-central1)... 
[debug] [2025-07-25T10:27:27.929Z] Checked if tokens are valid: true, expires at: 1753441794918
[debug] [2025-07-25T10:27:27.930Z] Checked if tokens are valid: true, expires at: 1753441794918
[debug] [2025-07-25T10:27:27.930Z] >>> [apiv2][query] POST https://cloudfunctions.googleapis.com/v1/projects/pet-health-tracker-4ec31/locations/us-central1/functions [none]
[debug] [2025-07-25T10:27:27.930Z] >>> [apiv2][body] POST https://cloudfunctions.googleapis.com/v1/projects/pet-health-tracker-4ec31/locations/us-central1/functions {"name":"projects/pet-health-tracker-4ec31/locations/us-central1/functions/deleteImage","sourceUploadUrl":"https://storage.googleapis.com/uploads-671499653104.us-central1.cloudfunctions.appspot.com/adc38ec7-76fc-436d-aa52-1b6b91efff2a.zip?GoogleAccessId=service-123508617321@gcf-admin-robot.iam.gserviceaccount.com&Expires=1753441031&Signature=fKgWz4FFZCx91CfFCJ2Nqhlp8y9%2BEXxLtVE1HTjM%2Bdu0CDaVZO3PapzAsPV1NJiS7tbPRxItRjuc5VQ0O4eZh4m3bwt4UM%2BMOpwGxddnW8w3XfcJ%2F0hSSlpZMo6r6TWjXl7HJk5GQFXjwfWBzKfJnTtyzitJYyhyGQWSOXh%2FxawSwVpKxOKJsOiibPazYCZHoBqAhThqy2KFQ%2FU48f1TtSyfoMb59Bvwv4SLoytQUfkgsJgVgyKpAJVIgVB873l6uHQ4LES%2FsAWMHw4Ld16x96TwiFeLL8B9wSBQbxX0Qz1UPM%2FIFIrUgxqh%2FcTBpEFiWHmbYXUAwXrt8feGrRK3SA%3D%3D","entryPoint":"deleteImage","runtime":"nodejs18","dockerRegistry":"ARTIFACT_REGISTRY","labels":{"deployment-tool":"cli-firebase","deployment-callable":"true","firebase-functions-hash":"8d189d164f7a5fcb79c9acbf30c870ba8e7f2cda"},"httpsTrigger":{"securityLevel":"SECURE_ALWAYS"},"minInstances":null,"maxInstances":null,"ingressSettings":null,"environmentVariables":{"FIREBASE_CONFIG":"{\"projectId\":\"pet-health-tracker-4ec31\",\"storageBucket\":\"pet-health-tracker-4ec31.firebasestorage.app\"}","GCLOUD_PROJECT":"pet-health-tracker-4ec31","EVENTARC_CLOUD_EVENT_SOURCE":"projects/pet-health-tracker-4ec31/locations/us-central1/functions/deleteImage"},"serviceAccountEmail":null,"availableMemoryMb":null,"timeout":null,"vpcConnector":null,"vpcConnectorEgressSettings":null,"buildEnvironmentVariables":{"GOOGLE_NODE_RUN_SCRIPTS":""}}
[debug] [2025-07-25T10:27:31.890Z] <<< [apiv2][status] POST https://cloudfunctions.googleapis.com/v1/projects/pet-health-tracker-4ec31/locations/us-central1/functions 200
[debug] [2025-07-25T10:27:31.890Z] <<< [apiv2][body] POST https://cloudfunctions.googleapis.com/v1/projects/pet-health-tracker-4ec31/locations/us-central1/functions {"name":"operations/cHJvamVjdHMvcGV0LWhlYWx0aC10cmFja2VyLTRlYzMxL2xvY2F0aW9ucy91cy1jZW50cmFsMS9vcGVyYXRpb25zL29wZXJhdGlvbi0xNzUzNDM5MjQ3MDMzLTYzYWJlNjM3NDYzNGUtMzI4N2ZiODItNGRhOTUyZDQ","metadata":{"@type":"type.googleapis.com/google.cloud.functions.v1.OperationMetadataV1","target":"projects/pet-health-tracker-4ec31/locations/us-central1/functions/deleteImage","updateTime":"2025-07-25T10:27:30.583122553Z"}}
[debug] [2025-07-25T10:27:31.891Z] Checked if tokens are valid: true, expires at: 1753441794918
[debug] [2025-07-25T10:27:31.891Z] Checked if tokens are valid: true, expires at: 1753441794918
[debug] [2025-07-25T10:27:31.891Z] >>> [apiv2][query] GET https://cloudfunctions.googleapis.com/v1/operations/cHJvamVjdHMvcGV0LWhlYWx0aC10cmFja2VyLTRlYzMxL2xvY2F0aW9ucy91cy1jZW50cmFsMS9vcGVyYXRpb25zL29wZXJhdGlvbi0xNzUzNDM5MjQ3MDMzLTYzYWJlNjM3NDYzNGUtMzI4N2ZiODItNGRhOTUyZDQ [none]
[debug] [2025-07-25T10:27:32.256Z] <<< [apiv2][status] GET https://cloudfunctions.googleapis.com/v1/operations/cHJvamVjdHMvcGV0LWhlYWx0aC10cmFja2VyLTRlYzMxL2xvY2F0aW9ucy91cy1jZW50cmFsMS9vcGVyYXRpb25zL29wZXJhdGlvbi0xNzUzNDM5MjQ3MDMzLTYzYWJlNjM3NDYzNGUtMzI4N2ZiODItNGRhOTUyZDQ 200
[debug] [2025-07-25T10:27:32.256Z] <<< [apiv2][body] GET https://cloudfunctions.googleapis.com/v1/operations/cHJvamVjdHMvcGV0LWhlYWx0aC10cmFja2VyLTRlYzMxL2xvY2F0aW9ucy91cy1jZW50cmFsMS9vcGVyYXRpb25zL29wZXJhdGlvbi0xNzUzNDM5MjQ3MDMzLTYzYWJlNjM3NDYzNGUtMzI4N2ZiODItNGRhOTUyZDQ {"name":"operations/cHJvamVjdHMvcGV0LWhlYWx0aC10cmFja2VyLTRlYzMxL2xvY2F0aW9ucy91cy1jZW50cmFsMS9vcGVyYXRpb25zL29wZXJhdGlvbi0xNzUzNDM5MjQ3MDMzLTYzYWJlNjM3NDYzNGUtMzI4N2ZiODItNGRhOTUyZDQ","metadata":{"@type":"type.googleapis.com/google.cloud.functions.v1.OperationMetadataV1","target":"projects/pet-health-tracker-4ec31/locations/us-central1/functions/deleteImage","updateTime":"2025-07-25T10:27:30.583122553Z"}}
[debug] [2025-07-25T10:27:32.758Z] [create-default-us-central1-deleteImage] Retrying task index 0
[debug] [2025-07-25T10:27:32.759Z] Checked if tokens are valid: true, expires at: 1753441794918
[debug] [2025-07-25T10:27:32.759Z] Checked if tokens are valid: true, expires at: 1753441794918
[debug] [2025-07-25T10:27:32.759Z] >>> [apiv2][query] GET https://cloudfunctions.googleapis.com/v1/operations/cHJvamVjdHMvcGV0LWhlYWx0aC10cmFja2VyLTRlYzMxL2xvY2F0aW9ucy91cy1jZW50cmFsMS9vcGVyYXRpb25zL29wZXJhdGlvbi0xNzUzNDM5MjQ3MDMzLTYzYWJlNjM3NDYzNGUtMzI4N2ZiODItNGRhOTUyZDQ [none]
[debug] [2025-07-25T10:27:33.145Z] <<< [apiv2][status] GET https://cloudfunctions.googleapis.com/v1/operations/cHJvamVjdHMvcGV0LWhlYWx0aC10cmFja2VyLTRlYzMxL2xvY2F0aW9ucy91cy1jZW50cmFsMS9vcGVyYXRpb25zL29wZXJhdGlvbi0xNzUzNDM5MjQ3MDMzLTYzYWJlNjM3NDYzNGUtMzI4N2ZiODItNGRhOTUyZDQ 200
[debug] [2025-07-25T10:27:33.146Z] <<< [apiv2][body] GET https://cloudfunctions.googleapis.com/v1/operations/cHJvamVjdHMvcGV0LWhlYWx0aC10cmFja2VyLTRlYzMxL2xvY2F0aW9ucy91cy1jZW50cmFsMS9vcGVyYXRpb25zL29wZXJhdGlvbi0xNzUzNDM5MjQ3MDMzLTYzYWJlNjM3NDYzNGUtMzI4N2ZiODItNGRhOTUyZDQ {"name":"operations/cHJvamVjdHMvcGV0LWhlYWx0aC10cmFja2VyLTRlYzMxL2xvY2F0aW9ucy91cy1jZW50cmFsMS9vcGVyYXRpb25zL29wZXJhdGlvbi0xNzUzNDM5MjQ3MDMzLTYzYWJlNjM3NDYzNGUtMzI4N2ZiODItNGRhOTUyZDQ","metadata":{"@type":"type.googleapis.com/google.cloud.functions.v1.OperationMetadataV1","target":"projects/pet-health-tracker-4ec31/locations/us-central1/functions/deleteImage","type":"CREATE_FUNCTION","request":{"@type":"type.googleapis.com/google.cloud.functions.v1.CloudFunction","name":"projects/pet-health-tracker-4ec31/locations/us-central1/functions/deleteImage","httpsTrigger":{"securityLevel":"SECURE_ALWAYS"},"entryPoint":"deleteImage","updateTime":"1970-01-01T00:00:00Z","labels":{"deployment-tool":"cli-firebase","deployment-callable":"true","firebase-functions-hash":"8d189d164f7a5fcb79c9acbf30c870ba8e7f2cda"},"sourceUploadUrl":"https://storage.googleapis.com/uploads-671499653104.us-central1.cloudfunctions.appspot.com/adc38ec7-76fc-436d-aa52-1b6b91efff2a.zip?GoogleAccessId=service-123508617321@gcf-admin-robot.iam.gserviceaccount.com&Expires=1753441031&Signature=fKgWz4FFZCx91CfFCJ2Nqhlp8y9%2BEXxLtVE1HTjM%2Bdu0CDaVZO3PapzAsPV1NJiS7tbPRxItRjuc5VQ0O4eZh4m3bwt4UM%2BMOpwGxddnW8w3XfcJ%2F0hSSlpZMo6r6TWjXl7HJk5GQFXjwfWBzKfJnTtyzitJYyhyGQWSOXh%2FxawSwVpKxOKJsOiibPazYCZHoBqAhThqy2KFQ%2FU48f1TtSyfoMb59Bvwv4SLoytQUfkgsJgVgyKpAJVIgVB873l6uHQ4LES%2FsAWMHw4Ld16x96TwiFeLL8B9wSBQbxX0Qz1UPM%2FIFIrUgxqh%2FcTBpEFiWHmbYXUAwXrt8feGrRK3SA%3D%3D","environmentVariables":{"FIREBASE_CONFIG":"{\"projectId\":\"pet-health-tracker-4ec31\",\"storageBucket\":\"pet-health-tracker-4ec31.firebasestorage.app\"}","GCLOUD_PROJECT":"pet-health-tracker-4ec31","EVENTARC_CLOUD_EVENT_SOURCE":"projects/pet-health-tracker-4ec31/locations/us-central1/functions/deleteImage"},"runtime":"nodejs18","buildEnvironmentVariables":{"GOOGLE_NODE_RUN_SCRIPTS":""},"dockerRegistry":"ARTIFACT_REGISTRY"},"versionId":"1","updateTime":"2025-07-25T10:27:30.583122553Z"}}
[debug] [2025-07-25T10:27:34.148Z] [create-default-us-central1-deleteImage] Retrying task index 0
[debug] [2025-07-25T10:27:34.149Z] Checked if tokens are valid: true, expires at: 1753441794918
[debug] [2025-07-25T10:27:34.149Z] Checked if tokens are valid: true, expires at: 1753441794918
[debug] [2025-07-25T10:27:34.149Z] >>> [apiv2][query] GET https://cloudfunctions.googleapis.com/v1/operations/cHJvamVjdHMvcGV0LWhlYWx0aC10cmFja2VyLTRlYzMxL2xvY2F0aW9ucy91cy1jZW50cmFsMS9vcGVyYXRpb25zL29wZXJhdGlvbi0xNzUzNDM5MjQ3MDMzLTYzYWJlNjM3NDYzNGUtMzI4N2ZiODItNGRhOTUyZDQ [none]
[debug] [2025-07-25T10:27:34.489Z] <<< [apiv2][status] GET https://cloudfunctions.googleapis.com/v1/operations/cHJvamVjdHMvcGV0LWhlYWx0aC10cmFja2VyLTRlYzMxL2xvY2F0aW9ucy91cy1jZW50cmFsMS9vcGVyYXRpb25zL29wZXJhdGlvbi0xNzUzNDM5MjQ3MDMzLTYzYWJlNjM3NDYzNGUtMzI4N2ZiODItNGRhOTUyZDQ 200
[debug] [2025-07-25T10:27:34.489Z] <<< [apiv2][body] GET https://cloudfunctions.googleapis.com/v1/operations/cHJvamVjdHMvcGV0LWhlYWx0aC10cmFja2VyLTRlYzMxL2xvY2F0aW9ucy91cy1jZW50cmFsMS9vcGVyYXRpb25zL29wZXJhdGlvbi0xNzUzNDM5MjQ3MDMzLTYzYWJlNjM3NDYzNGUtMzI4N2ZiODItNGRhOTUyZDQ {"name":"operations/cHJvamVjdHMvcGV0LWhlYWx0aC10cmFja2VyLTRlYzMxL2xvY2F0aW9ucy91cy1jZW50cmFsMS9vcGVyYXRpb25zL29wZXJhdGlvbi0xNzUzNDM5MjQ3MDMzLTYzYWJlNjM3NDYzNGUtMzI4N2ZiODItNGRhOTUyZDQ","metadata":{"@type":"type.googleapis.com/google.cloud.functions.v1.OperationMetadataV1","target":"projects/pet-health-tracker-4ec31/locations/us-central1/functions/deleteImage","type":"CREATE_FUNCTION","request":{"@type":"type.googleapis.com/google.cloud.functions.v1.CloudFunction","name":"projects/pet-health-tracker-4ec31/locations/us-central1/functions/deleteImage","httpsTrigger":{"securityLevel":"SECURE_ALWAYS"},"entryPoint":"deleteImage","updateTime":"1970-01-01T00:00:00Z","labels":{"deployment-tool":"cli-firebase","deployment-callable":"true","firebase-functions-hash":"8d189d164f7a5fcb79c9acbf30c870ba8e7f2cda"},"sourceUploadUrl":"https://storage.googleapis.com/uploads-671499653104.us-central1.cloudfunctions.appspot.com/adc38ec7-76fc-436d-aa52-1b6b91efff2a.zip?GoogleAccessId=service-123508617321@gcf-admin-robot.iam.gserviceaccount.com&Expires=1753441031&Signature=fKgWz4FFZCx91CfFCJ2Nqhlp8y9%2BEXxLtVE1HTjM%2Bdu0CDaVZO3PapzAsPV1NJiS7tbPRxItRjuc5VQ0O4eZh4m3bwt4UM%2BMOpwGxddnW8w3XfcJ%2F0hSSlpZMo6r6TWjXl7HJk5GQFXjwfWBzKfJnTtyzitJYyhyGQWSOXh%2FxawSwVpKxOKJsOiibPazYCZHoBqAhThqy2KFQ%2FU48f1TtSyfoMb59Bvwv4SLoytQUfkgsJgVgyKpAJVIgVB873l6uHQ4LES%2FsAWMHw4Ld16x96TwiFeLL8B9wSBQbxX0Qz1UPM%2FIFIrUgxqh%2FcTBpEFiWHmbYXUAwXrt8feGrRK3SA%3D%3D","environmentVariables":{"FIREBASE_CONFIG":"{\"projectId\":\"pet-health-tracker-4ec31\",\"storageBucket\":\"pet-health-tracker-4ec31.firebasestorage.app\"}","GCLOUD_PROJECT":"pet-health-tracker-4ec31","EVENTARC_CLOUD_EVENT_SOURCE":"projects/pet-health-tracker-4ec31/locations/us-central1/functions/deleteImage"},"runtime":"nodejs18","buildEnvironmentVariables":{"GOOGLE_NODE_RUN_SCRIPTS":""},"dockerRegistry":"ARTIFACT_REGISTRY"},"versionId":"1","updateTime":"2025-07-25T10:27:30.583122553Z"}}
[debug] [2025-07-25T10:27:36.492Z] [create-default-us-central1-deleteImage] Retrying task index 0
[debug] [2025-07-25T10:27:36.492Z] Checked if tokens are valid: true, expires at: 1753441794918
[debug] [2025-07-25T10:27:36.492Z] Checked if tokens are valid: true, expires at: 1753441794918
[debug] [2025-07-25T10:27:36.492Z] >>> [apiv2][query] GET https://cloudfunctions.googleapis.com/v1/operations/cHJvamVjdHMvcGV0LWhlYWx0aC10cmFja2VyLTRlYzMxL2xvY2F0aW9ucy91cy1jZW50cmFsMS9vcGVyYXRpb25zL29wZXJhdGlvbi0xNzUzNDM5MjQ3MDMzLTYzYWJlNjM3NDYzNGUtMzI4N2ZiODItNGRhOTUyZDQ [none]
[debug] [2025-07-25T10:27:36.843Z] <<< [apiv2][status] GET https://cloudfunctions.googleapis.com/v1/operations/cHJvamVjdHMvcGV0LWhlYWx0aC10cmFja2VyLTRlYzMxL2xvY2F0aW9ucy91cy1jZW50cmFsMS9vcGVyYXRpb25zL29wZXJhdGlvbi0xNzUzNDM5MjQ3MDMzLTYzYWJlNjM3NDYzNGUtMzI4N2ZiODItNGRhOTUyZDQ 200
[debug] [2025-07-25T10:27:36.843Z] <<< [apiv2][body] GET https://cloudfunctions.googleapis.com/v1/operations/cHJvamVjdHMvcGV0LWhlYWx0aC10cmFja2VyLTRlYzMxL2xvY2F0aW9ucy91cy1jZW50cmFsMS9vcGVyYXRpb25zL29wZXJhdGlvbi0xNzUzNDM5MjQ3MDMzLTYzYWJlNjM3NDYzNGUtMzI4N2ZiODItNGRhOTUyZDQ {"name":"operations/cHJvamVjdHMvcGV0LWhlYWx0aC10cmFja2VyLTRlYzMxL2xvY2F0aW9ucy91cy1jZW50cmFsMS9vcGVyYXRpb25zL29wZXJhdGlvbi0xNzUzNDM5MjQ3MDMzLTYzYWJlNjM3NDYzNGUtMzI4N2ZiODItNGRhOTUyZDQ","metadata":{"@type":"type.googleapis.com/google.cloud.functions.v1.OperationMetadataV1","target":"projects/pet-health-tracker-4ec31/locations/us-central1/functions/deleteImage","type":"CREATE_FUNCTION","request":{"@type":"type.googleapis.com/google.cloud.functions.v1.CloudFunction","name":"projects/pet-health-tracker-4ec31/locations/us-central1/functions/deleteImage","httpsTrigger":{"securityLevel":"SECURE_ALWAYS"},"entryPoint":"deleteImage","updateTime":"1970-01-01T00:00:00Z","labels":{"deployment-tool":"cli-firebase","deployment-callable":"true","firebase-functions-hash":"8d189d164f7a5fcb79c9acbf30c870ba8e7f2cda"},"sourceUploadUrl":"https://storage.googleapis.com/uploads-671499653104.us-central1.cloudfunctions.appspot.com/adc38ec7-76fc-436d-aa52-1b6b91efff2a.zip?GoogleAccessId=service-123508617321@gcf-admin-robot.iam.gserviceaccount.com&Expires=1753441031&Signature=fKgWz4FFZCx91CfFCJ2Nqhlp8y9%2BEXxLtVE1HTjM%2Bdu0CDaVZO3PapzAsPV1NJiS7tbPRxItRjuc5VQ0O4eZh4m3bwt4UM%2BMOpwGxddnW8w3XfcJ%2F0hSSlpZMo6r6TWjXl7HJk5GQFXjwfWBzKfJnTtyzitJYyhyGQWSOXh%2FxawSwVpKxOKJsOiibPazYCZHoBqAhThqy2KFQ%2FU48f1TtSyfoMb59Bvwv4SLoytQUfkgsJgVgyKpAJVIgVB873l6uHQ4LES%2FsAWMHw4Ld16x96TwiFeLL8B9wSBQbxX0Qz1UPM%2FIFIrUgxqh%2FcTBpEFiWHmbYXUAwXrt8feGrRK3SA%3D%3D","environmentVariables":{"FIREBASE_CONFIG":"{\"projectId\":\"pet-health-tracker-4ec31\",\"storageBucket\":\"pet-health-tracker-4ec31.firebasestorage.app\"}","GCLOUD_PROJECT":"pet-health-tracker-4ec31","EVENTARC_CLOUD_EVENT_SOURCE":"projects/pet-health-tracker-4ec31/locations/us-central1/functions/deleteImage"},"runtime":"nodejs18","buildEnvironmentVariables":{"GOOGLE_NODE_RUN_SCRIPTS":""},"dockerRegistry":"ARTIFACT_REGISTRY"},"versionId":"1","updateTime":"2025-07-25T10:27:30.583122553Z"}}
[debug] [2025-07-25T10:27:40.850Z] [create-default-us-central1-deleteImage] Retrying task index 0
[debug] [2025-07-25T10:27:40.851Z] Checked if tokens are valid: true, expires at: 1753441794918
[debug] [2025-07-25T10:27:40.851Z] Checked if tokens are valid: true, expires at: 1753441794918
[debug] [2025-07-25T10:27:40.851Z] >>> [apiv2][query] GET https://cloudfunctions.googleapis.com/v1/operations/cHJvamVjdHMvcGV0LWhlYWx0aC10cmFja2VyLTRlYzMxL2xvY2F0aW9ucy91cy1jZW50cmFsMS9vcGVyYXRpb25zL29wZXJhdGlvbi0xNzUzNDM5MjQ3MDMzLTYzYWJlNjM3NDYzNGUtMzI4N2ZiODItNGRhOTUyZDQ [none]
[debug] [2025-07-25T10:27:41.181Z] <<< [apiv2][status] GET https://cloudfunctions.googleapis.com/v1/operations/cHJvamVjdHMvcGV0LWhlYWx0aC10cmFja2VyLTRlYzMxL2xvY2F0aW9ucy91cy1jZW50cmFsMS9vcGVyYXRpb25zL29wZXJhdGlvbi0xNzUzNDM5MjQ3MDMzLTYzYWJlNjM3NDYzNGUtMzI4N2ZiODItNGRhOTUyZDQ 200
[debug] [2025-07-25T10:27:41.182Z] <<< [apiv2][body] GET https://cloudfunctions.googleapis.com/v1/operations/cHJvamVjdHMvcGV0LWhlYWx0aC10cmFja2VyLTRlYzMxL2xvY2F0aW9ucy91cy1jZW50cmFsMS9vcGVyYXRpb25zL29wZXJhdGlvbi0xNzUzNDM5MjQ3MDMzLTYzYWJlNjM3NDYzNGUtMzI4N2ZiODItNGRhOTUyZDQ {"name":"operations/cHJvamVjdHMvcGV0LWhlYWx0aC10cmFja2VyLTRlYzMxL2xvY2F0aW9ucy91cy1jZW50cmFsMS9vcGVyYXRpb25zL29wZXJhdGlvbi0xNzUzNDM5MjQ3MDMzLTYzYWJlNjM3NDYzNGUtMzI4N2ZiODItNGRhOTUyZDQ","metadata":{"@type":"type.googleapis.com/google.cloud.functions.v1.OperationMetadataV1","target":"projects/pet-health-tracker-4ec31/locations/us-central1/functions/deleteImage","type":"CREATE_FUNCTION","request":{"@type":"type.googleapis.com/google.cloud.functions.v1.CloudFunction","name":"projects/pet-health-tracker-4ec31/locations/us-central1/functions/deleteImage","httpsTrigger":{"securityLevel":"SECURE_ALWAYS"},"entryPoint":"deleteImage","updateTime":"1970-01-01T00:00:00Z","labels":{"deployment-tool":"cli-firebase","deployment-callable":"true","firebase-functions-hash":"8d189d164f7a5fcb79c9acbf30c870ba8e7f2cda"},"sourceUploadUrl":"https://storage.googleapis.com/uploads-671499653104.us-central1.cloudfunctions.appspot.com/adc38ec7-76fc-436d-aa52-1b6b91efff2a.zip?GoogleAccessId=service-123508617321@gcf-admin-robot.iam.gserviceaccount.com&Expires=1753441031&Signature=fKgWz4FFZCx91CfFCJ2Nqhlp8y9%2BEXxLtVE1HTjM%2Bdu0CDaVZO3PapzAsPV1NJiS7tbPRxItRjuc5VQ0O4eZh4m3bwt4UM%2BMOpwGxddnW8w3XfcJ%2F0hSSlpZMo6r6TWjXl7HJk5GQFXjwfWBzKfJnTtyzitJYyhyGQWSOXh%2FxawSwVpKxOKJsOiibPazYCZHoBqAhThqy2KFQ%2FU48f1TtSyfoMb59Bvwv4SLoytQUfkgsJgVgyKpAJVIgVB873l6uHQ4LES%2FsAWMHw4Ld16x96TwiFeLL8B9wSBQbxX0Qz1UPM%2FIFIrUgxqh%2FcTBpEFiWHmbYXUAwXrt8feGrRK3SA%3D%3D","environmentVariables":{"FIREBASE_CONFIG":"{\"projectId\":\"pet-health-tracker-4ec31\",\"storageBucket\":\"pet-health-tracker-4ec31.firebasestorage.app\"}","GCLOUD_PROJECT":"pet-health-tracker-4ec31","EVENTARC_CLOUD_EVENT_SOURCE":"projects/pet-health-tracker-4ec31/locations/us-central1/functions/deleteImage"},"runtime":"nodejs18","buildEnvironmentVariables":{"GOOGLE_NODE_RUN_SCRIPTS":""},"dockerRegistry":"ARTIFACT_REGISTRY"},"versionId":"1","updateTime":"2025-07-25T10:27:30.583122553Z"}}
[debug] [2025-07-25T10:27:49.189Z] [create-default-us-central1-deleteImage] Retrying task index 0
[debug] [2025-07-25T10:27:49.190Z] Checked if tokens are valid: true, expires at: 1753441794918
[debug] [2025-07-25T10:27:49.190Z] Checked if tokens are valid: true, expires at: 1753441794918
[debug] [2025-07-25T10:27:49.191Z] >>> [apiv2][query] GET https://cloudfunctions.googleapis.com/v1/operations/cHJvamVjdHMvcGV0LWhlYWx0aC10cmFja2VyLTRlYzMxL2xvY2F0aW9ucy91cy1jZW50cmFsMS9vcGVyYXRpb25zL29wZXJhdGlvbi0xNzUzNDM5MjQ3MDMzLTYzYWJlNjM3NDYzNGUtMzI4N2ZiODItNGRhOTUyZDQ [none]
[debug] [2025-07-25T10:27:49.705Z] <<< [apiv2][status] GET https://cloudfunctions.googleapis.com/v1/operations/cHJvamVjdHMvcGV0LWhlYWx0aC10cmFja2VyLTRlYzMxL2xvY2F0aW9ucy91cy1jZW50cmFsMS9vcGVyYXRpb25zL29wZXJhdGlvbi0xNzUzNDM5MjQ3MDMzLTYzYWJlNjM3NDYzNGUtMzI4N2ZiODItNGRhOTUyZDQ 200
[debug] [2025-07-25T10:27:49.705Z] <<< [apiv2][body] GET https://cloudfunctions.googleapis.com/v1/operations/cHJvamVjdHMvcGV0LWhlYWx0aC10cmFja2VyLTRlYzMxL2xvY2F0aW9ucy91cy1jZW50cmFsMS9vcGVyYXRpb25zL29wZXJhdGlvbi0xNzUzNDM5MjQ3MDMzLTYzYWJlNjM3NDYzNGUtMzI4N2ZiODItNGRhOTUyZDQ {"name":"operations/cHJvamVjdHMvcGV0LWhlYWx0aC10cmFja2VyLTRlYzMxL2xvY2F0aW9ucy91cy1jZW50cmFsMS9vcGVyYXRpb25zL29wZXJhdGlvbi0xNzUzNDM5MjQ3MDMzLTYzYWJlNjM3NDYzNGUtMzI4N2ZiODItNGRhOTUyZDQ","metadata":{"@type":"type.googleapis.com/google.cloud.functions.v1.OperationMetadataV1","target":"projects/pet-health-tracker-4ec31/locations/us-central1/functions/deleteImage","type":"CREATE_FUNCTION","request":{"@type":"type.googleapis.com/google.cloud.functions.v1.CloudFunction","name":"projects/pet-health-tracker-4ec31/locations/us-central1/functions/deleteImage","httpsTrigger":{"securityLevel":"SECURE_ALWAYS"},"entryPoint":"deleteImage","updateTime":"1970-01-01T00:00:00Z","labels":{"deployment-tool":"cli-firebase","deployment-callable":"true","firebase-functions-hash":"8d189d164f7a5fcb79c9acbf30c870ba8e7f2cda"},"sourceUploadUrl":"https://storage.googleapis.com/uploads-671499653104.us-central1.cloudfunctions.appspot.com/adc38ec7-76fc-436d-aa52-1b6b91efff2a.zip?GoogleAccessId=service-123508617321@gcf-admin-robot.iam.gserviceaccount.com&Expires=1753441031&Signature=fKgWz4FFZCx91CfFCJ2Nqhlp8y9%2BEXxLtVE1HTjM%2Bdu0CDaVZO3PapzAsPV1NJiS7tbPRxItRjuc5VQ0O4eZh4m3bwt4UM%2BMOpwGxddnW8w3XfcJ%2F0hSSlpZMo6r6TWjXl7HJk5GQFXjwfWBzKfJnTtyzitJYyhyGQWSOXh%2FxawSwVpKxOKJsOiibPazYCZHoBqAhThqy2KFQ%2FU48f1TtSyfoMb59Bvwv4SLoytQUfkgsJgVgyKpAJVIgVB873l6uHQ4LES%2FsAWMHw4Ld16x96TwiFeLL8B9wSBQbxX0Qz1UPM%2FIFIrUgxqh%2FcTBpEFiWHmbYXUAwXrt8feGrRK3SA%3D%3D","environmentVariables":{"FIREBASE_CONFIG":"{\"projectId\":\"pet-health-tracker-4ec31\",\"storageBucket\":\"pet-health-tracker-4ec31.firebasestorage.app\"}","GCLOUD_PROJECT":"pet-health-tracker-4ec31","EVENTARC_CLOUD_EVENT_SOURCE":"projects/pet-health-tracker-4ec31/locations/us-central1/functions/deleteImage"},"runtime":"nodejs18","buildEnvironmentVariables":{"GOOGLE_NODE_RUN_SCRIPTS":""},"dockerRegistry":"ARTIFACT_REGISTRY"},"versionId":"1","updateTime":"2025-07-25T10:27:30.583122553Z"}}
[debug] [2025-07-25T10:27:59.714Z] [create-default-us-central1-deleteImage] Retrying task index 0
[debug] [2025-07-25T10:27:59.715Z] Checked if tokens are valid: true, expires at: 1753441794918
[debug] [2025-07-25T10:27:59.715Z] Checked if tokens are valid: true, expires at: 1753441794918
[debug] [2025-07-25T10:27:59.715Z] >>> [apiv2][query] GET https://cloudfunctions.googleapis.com/v1/operations/cHJvamVjdHMvcGV0LWhlYWx0aC10cmFja2VyLTRlYzMxL2xvY2F0aW9ucy91cy1jZW50cmFsMS9vcGVyYXRpb25zL29wZXJhdGlvbi0xNzUzNDM5MjQ3MDMzLTYzYWJlNjM3NDYzNGUtMzI4N2ZiODItNGRhOTUyZDQ [none]
[debug] [2025-07-25T10:28:00.222Z] <<< [apiv2][status] GET https://cloudfunctions.googleapis.com/v1/operations/cHJvamVjdHMvcGV0LWhlYWx0aC10cmFja2VyLTRlYzMxL2xvY2F0aW9ucy91cy1jZW50cmFsMS9vcGVyYXRpb25zL29wZXJhdGlvbi0xNzUzNDM5MjQ3MDMzLTYzYWJlNjM3NDYzNGUtMzI4N2ZiODItNGRhOTUyZDQ 200
[debug] [2025-07-25T10:28:00.223Z] <<< [apiv2][body] GET https://cloudfunctions.googleapis.com/v1/operations/cHJvamVjdHMvcGV0LWhlYWx0aC10cmFja2VyLTRlYzMxL2xvY2F0aW9ucy91cy1jZW50cmFsMS9vcGVyYXRpb25zL29wZXJhdGlvbi0xNzUzNDM5MjQ3MDMzLTYzYWJlNjM3NDYzNGUtMzI4N2ZiODItNGRhOTUyZDQ {"name":"operations/cHJvamVjdHMvcGV0LWhlYWx0aC10cmFja2VyLTRlYzMxL2xvY2F0aW9ucy91cy1jZW50cmFsMS9vcGVyYXRpb25zL29wZXJhdGlvbi0xNzUzNDM5MjQ3MDMzLTYzYWJlNjM3NDYzNGUtMzI4N2ZiODItNGRhOTUyZDQ","metadata":{"@type":"type.googleapis.com/google.cloud.functions.v1.OperationMetadataV1","target":"projects/pet-health-tracker-4ec31/locations/us-central1/functions/deleteImage","type":"CREATE_FUNCTION","request":{"@type":"type.googleapis.com/google.cloud.functions.v1.CloudFunction","name":"projects/pet-health-tracker-4ec31/locations/us-central1/functions/deleteImage","httpsTrigger":{"securityLevel":"SECURE_ALWAYS"},"entryPoint":"deleteImage","updateTime":"1970-01-01T00:00:00Z","labels":{"deployment-tool":"cli-firebase","deployment-callable":"true","firebase-functions-hash":"8d189d164f7a5fcb79c9acbf30c870ba8e7f2cda"},"sourceUploadUrl":"https://storage.googleapis.com/uploads-671499653104.us-central1.cloudfunctions.appspot.com/adc38ec7-76fc-436d-aa52-1b6b91efff2a.zip?GoogleAccessId=service-123508617321@gcf-admin-robot.iam.gserviceaccount.com&Expires=1753441031&Signature=fKgWz4FFZCx91CfFCJ2Nqhlp8y9%2BEXxLtVE1HTjM%2Bdu0CDaVZO3PapzAsPV1NJiS7tbPRxItRjuc5VQ0O4eZh4m3bwt4UM%2BMOpwGxddnW8w3XfcJ%2F0hSSlpZMo6r6TWjXl7HJk5GQFXjwfWBzKfJnTtyzitJYyhyGQWSOXh%2FxawSwVpKxOKJsOiibPazYCZHoBqAhThqy2KFQ%2FU48f1TtSyfoMb59Bvwv4SLoytQUfkgsJgVgyKpAJVIgVB873l6uHQ4LES%2FsAWMHw4Ld16x96TwiFeLL8B9wSBQbxX0Qz1UPM%2FIFIrUgxqh%2FcTBpEFiWHmbYXUAwXrt8feGrRK3SA%3D%3D","environmentVariables":{"FIREBASE_CONFIG":"{\"projectId\":\"pet-health-tracker-4ec31\",\"storageBucket\":\"pet-health-tracker-4ec31.firebasestorage.app\"}","GCLOUD_PROJECT":"pet-health-tracker-4ec31","EVENTARC_CLOUD_EVENT_SOURCE":"projects/pet-health-tracker-4ec31/locations/us-central1/functions/deleteImage"},"runtime":"nodejs18","buildEnvironmentVariables":{"GOOGLE_NODE_RUN_SCRIPTS":""},"dockerRegistry":"ARTIFACT_REGISTRY"},"versionId":"1","updateTime":"2025-07-25T10:27:30.583122553Z","buildId":"799e59e3-1683-4ccd-ac72-458605126316","buildName":"projects/123508617321/locations/us-central1/builds/799e59e3-1683-4ccd-ac72-458605126316"}}
[debug] [2025-07-25T10:28:10.227Z] [create-default-us-central1-deleteImage] Retrying task index 0
[debug] [2025-07-25T10:28:10.228Z] Checked if tokens are valid: true, expires at: 1753441794918
[debug] [2025-07-25T10:28:10.228Z] Checked if tokens are valid: true, expires at: 1753441794918
[debug] [2025-07-25T10:28:10.228Z] >>> [apiv2][query] GET https://cloudfunctions.googleapis.com/v1/operations/cHJvamVjdHMvcGV0LWhlYWx0aC10cmFja2VyLTRlYzMxL2xvY2F0aW9ucy91cy1jZW50cmFsMS9vcGVyYXRpb25zL29wZXJhdGlvbi0xNzUzNDM5MjQ3MDMzLTYzYWJlNjM3NDYzNGUtMzI4N2ZiODItNGRhOTUyZDQ [none]
[debug] [2025-07-25T10:28:11.077Z] <<< [apiv2][status] GET https://cloudfunctions.googleapis.com/v1/operations/cHJvamVjdHMvcGV0LWhlYWx0aC10cmFja2VyLTRlYzMxL2xvY2F0aW9ucy91cy1jZW50cmFsMS9vcGVyYXRpb25zL29wZXJhdGlvbi0xNzUzNDM5MjQ3MDMzLTYzYWJlNjM3NDYzNGUtMzI4N2ZiODItNGRhOTUyZDQ 200
[debug] [2025-07-25T10:28:11.077Z] <<< [apiv2][body] GET https://cloudfunctions.googleapis.com/v1/operations/cHJvamVjdHMvcGV0LWhlYWx0aC10cmFja2VyLTRlYzMxL2xvY2F0aW9ucy91cy1jZW50cmFsMS9vcGVyYXRpb25zL29wZXJhdGlvbi0xNzUzNDM5MjQ3MDMzLTYzYWJlNjM3NDYzNGUtMzI4N2ZiODItNGRhOTUyZDQ {"name":"operations/cHJvamVjdHMvcGV0LWhlYWx0aC10cmFja2VyLTRlYzMxL2xvY2F0aW9ucy91cy1jZW50cmFsMS9vcGVyYXRpb25zL29wZXJhdGlvbi0xNzUzNDM5MjQ3MDMzLTYzYWJlNjM3NDYzNGUtMzI4N2ZiODItNGRhOTUyZDQ","metadata":{"@type":"type.googleapis.com/google.cloud.functions.v1.OperationMetadataV1","target":"projects/pet-health-tracker-4ec31/locations/us-central1/functions/deleteImage","type":"CREATE_FUNCTION","request":{"@type":"type.googleapis.com/google.cloud.functions.v1.CloudFunction","name":"projects/pet-health-tracker-4ec31/locations/us-central1/functions/deleteImage","httpsTrigger":{"securityLevel":"SECURE_ALWAYS"},"entryPoint":"deleteImage","updateTime":"1970-01-01T00:00:00Z","labels":{"deployment-tool":"cli-firebase","deployment-callable":"true","firebase-functions-hash":"8d189d164f7a5fcb79c9acbf30c870ba8e7f2cda"},"sourceUploadUrl":"https://storage.googleapis.com/uploads-671499653104.us-central1.cloudfunctions.appspot.com/adc38ec7-76fc-436d-aa52-1b6b91efff2a.zip?GoogleAccessId=service-123508617321@gcf-admin-robot.iam.gserviceaccount.com&Expires=1753441031&Signature=fKgWz4FFZCx91CfFCJ2Nqhlp8y9%2BEXxLtVE1HTjM%2Bdu0CDaVZO3PapzAsPV1NJiS7tbPRxItRjuc5VQ0O4eZh4m3bwt4UM%2BMOpwGxddnW8w3XfcJ%2F0hSSlpZMo6r6TWjXl7HJk5GQFXjwfWBzKfJnTtyzitJYyhyGQWSOXh%2FxawSwVpKxOKJsOiibPazYCZHoBqAhThqy2KFQ%2FU48f1TtSyfoMb59Bvwv4SLoytQUfkgsJgVgyKpAJVIgVB873l6uHQ4LES%2FsAWMHw4Ld16x96TwiFeLL8B9wSBQbxX0Qz1UPM%2FIFIrUgxqh%2FcTBpEFiWHmbYXUAwXrt8feGrRK3SA%3D%3D","environmentVariables":{"FIREBASE_CONFIG":"{\"projectId\":\"pet-health-tracker-4ec31\",\"storageBucket\":\"pet-health-tracker-4ec31.firebasestorage.app\"}","GCLOUD_PROJECT":"pet-health-tracker-4ec31","EVENTARC_CLOUD_EVENT_SOURCE":"projects/pet-health-tracker-4ec31/locations/us-central1/functions/deleteImage"},"runtime":"nodejs18","buildEnvironmentVariables":{"GOOGLE_NODE_RUN_SCRIPTS":""},"dockerRegistry":"ARTIFACT_REGISTRY"},"versionId":"1","updateTime":"2025-07-25T10:27:30.583122553Z","buildId":"799e59e3-1683-4ccd-ac72-458605126316","buildName":"projects/123508617321/locations/us-central1/builds/799e59e3-1683-4ccd-ac72-458605126316"}}
[debug] [2025-07-25T10:28:21.087Z] [create-default-us-central1-deleteImage] Retrying task index 0
[debug] [2025-07-25T10:28:21.088Z] Checked if tokens are valid: true, expires at: 1753441794918
[debug] [2025-07-25T10:28:21.088Z] Checked if tokens are valid: true, expires at: 1753441794918
[debug] [2025-07-25T10:28:21.088Z] >>> [apiv2][query] GET https://cloudfunctions.googleapis.com/v1/operations/cHJvamVjdHMvcGV0LWhlYWx0aC10cmFja2VyLTRlYzMxL2xvY2F0aW9ucy91cy1jZW50cmFsMS9vcGVyYXRpb25zL29wZXJhdGlvbi0xNzUzNDM5MjQ3MDMzLTYzYWJlNjM3NDYzNGUtMzI4N2ZiODItNGRhOTUyZDQ [none]
[debug] [2025-07-25T10:28:21.652Z] <<< [apiv2][status] GET https://cloudfunctions.googleapis.com/v1/operations/cHJvamVjdHMvcGV0LWhlYWx0aC10cmFja2VyLTRlYzMxL2xvY2F0aW9ucy91cy1jZW50cmFsMS9vcGVyYXRpb25zL29wZXJhdGlvbi0xNzUzNDM5MjQ3MDMzLTYzYWJlNjM3NDYzNGUtMzI4N2ZiODItNGRhOTUyZDQ 200
[debug] [2025-07-25T10:28:21.652Z] <<< [apiv2][body] GET https://cloudfunctions.googleapis.com/v1/operations/cHJvamVjdHMvcGV0LWhlYWx0aC10cmFja2VyLTRlYzMxL2xvY2F0aW9ucy91cy1jZW50cmFsMS9vcGVyYXRpb25zL29wZXJhdGlvbi0xNzUzNDM5MjQ3MDMzLTYzYWJlNjM3NDYzNGUtMzI4N2ZiODItNGRhOTUyZDQ {"name":"operations/cHJvamVjdHMvcGV0LWhlYWx0aC10cmFja2VyLTRlYzMxL2xvY2F0aW9ucy91cy1jZW50cmFsMS9vcGVyYXRpb25zL29wZXJhdGlvbi0xNzUzNDM5MjQ3MDMzLTYzYWJlNjM3NDYzNGUtMzI4N2ZiODItNGRhOTUyZDQ","metadata":{"@type":"type.googleapis.com/google.cloud.functions.v1.OperationMetadataV1","target":"projects/pet-health-tracker-4ec31/locations/us-central1/functions/deleteImage","type":"CREATE_FUNCTION","request":{"@type":"type.googleapis.com/google.cloud.functions.v1.CloudFunction","name":"projects/pet-health-tracker-4ec31/locations/us-central1/functions/deleteImage","httpsTrigger":{"securityLevel":"SECURE_ALWAYS"},"entryPoint":"deleteImage","updateTime":"1970-01-01T00:00:00Z","labels":{"deployment-tool":"cli-firebase","deployment-callable":"true","firebase-functions-hash":"8d189d164f7a5fcb79c9acbf30c870ba8e7f2cda"},"sourceUploadUrl":"https://storage.googleapis.com/uploads-671499653104.us-central1.cloudfunctions.appspot.com/adc38ec7-76fc-436d-aa52-1b6b91efff2a.zip?GoogleAccessId=service-123508617321@gcf-admin-robot.iam.gserviceaccount.com&Expires=1753441031&Signature=fKgWz4FFZCx91CfFCJ2Nqhlp8y9%2BEXxLtVE1HTjM%2Bdu0CDaVZO3PapzAsPV1NJiS7tbPRxItRjuc5VQ0O4eZh4m3bwt4UM%2BMOpwGxddnW8w3XfcJ%2F0hSSlpZMo6r6TWjXl7HJk5GQFXjwfWBzKfJnTtyzitJYyhyGQWSOXh%2FxawSwVpKxOKJsOiibPazYCZHoBqAhThqy2KFQ%2FU48f1TtSyfoMb59Bvwv4SLoytQUfkgsJgVgyKpAJVIgVB873l6uHQ4LES%2FsAWMHw4Ld16x96TwiFeLL8B9wSBQbxX0Qz1UPM%2FIFIrUgxqh%2FcTBpEFiWHmbYXUAwXrt8feGrRK3SA%3D%3D","environmentVariables":{"FIREBASE_CONFIG":"{\"projectId\":\"pet-health-tracker-4ec31\",\"storageBucket\":\"pet-health-tracker-4ec31.firebasestorage.app\"}","GCLOUD_PROJECT":"pet-health-tracker-4ec31","EVENTARC_CLOUD_EVENT_SOURCE":"projects/pet-health-tracker-4ec31/locations/us-central1/functions/deleteImage"},"runtime":"nodejs18","buildEnvironmentVariables":{"GOOGLE_NODE_RUN_SCRIPTS":""},"dockerRegistry":"ARTIFACT_REGISTRY"},"versionId":"1","updateTime":"2025-07-25T10:27:30.583122553Z","buildId":"799e59e3-1683-4ccd-ac72-458605126316","buildName":"projects/123508617321/locations/us-central1/builds/799e59e3-1683-4ccd-ac72-458605126316"}}
[debug] [2025-07-25T10:28:31.665Z] [create-default-us-central1-deleteImage] Retrying task index 0
[debug] [2025-07-25T10:28:31.666Z] Checked if tokens are valid: true, expires at: 1753441794918
[debug] [2025-07-25T10:28:31.666Z] Checked if tokens are valid: true, expires at: 1753441794918
[debug] [2025-07-25T10:28:31.666Z] >>> [apiv2][query] GET https://cloudfunctions.googleapis.com/v1/operations/cHJvamVjdHMvcGV0LWhlYWx0aC10cmFja2VyLTRlYzMxL2xvY2F0aW9ucy91cy1jZW50cmFsMS9vcGVyYXRpb25zL29wZXJhdGlvbi0xNzUzNDM5MjQ3MDMzLTYzYWJlNjM3NDYzNGUtMzI4N2ZiODItNGRhOTUyZDQ [none]
[debug] [2025-07-25T10:28:52.705Z] *** [apiv2] error from fetch(https://cloudfunctions.googleapis.com/v1/operations/cHJvamVjdHMvcGV0LWhlYWx0aC10cmFja2VyLTRlYzMxL2xvY2F0aW9ucy91cy1jZW50cmFsMS9vcGVyYXRpb25zL29wZXJhdGlvbi0xNzUzNDM5MjQ3MDMzLTYzYWJlNjM3NDYzNGUtMzI4N2ZiODItNGRhOTUyZDQ, {"headers":{},"method":"GET"}): FetchError: request to https://cloudfunctions.googleapis.com/v1/operations/cHJvamVjdHMvcGV0LWhlYWx0aC10cmFja2VyLTRlYzMxL2xvY2F0aW9ucy91cy1jZW50cmFsMS9vcGVyYXRpb25zL29wZXJhdGlvbi0xNzUzNDM5MjQ3MDMzLTYzYWJlNjM3NDYzNGUtMzI4N2ZiODItNGRhOTUyZDQ failed, reason: connect ETIMEDOUT 192.178.54.42:443
[debug] [2025-07-25T10:29:02.709Z] [create-default-us-central1-deleteImage] Retrying task index 0
[debug] [2025-07-25T10:29:02.710Z] Checked if tokens are valid: true, expires at: 1753441794918
[debug] [2025-07-25T10:29:02.710Z] Checked if tokens are valid: true, expires at: 1753441794918
[debug] [2025-07-25T10:29:02.711Z] >>> [apiv2][query] GET https://cloudfunctions.googleapis.com/v1/operations/cHJvamVjdHMvcGV0LWhlYWx0aC10cmFja2VyLTRlYzMxL2xvY2F0aW9ucy91cy1jZW50cmFsMS9vcGVyYXRpb25zL29wZXJhdGlvbi0xNzUzNDM5MjQ3MDMzLTYzYWJlNjM3NDYzNGUtMzI4N2ZiODItNGRhOTUyZDQ [none]
[debug] [2025-07-25T10:29:03.247Z] <<< [apiv2][status] GET https://cloudfunctions.googleapis.com/v1/operations/cHJvamVjdHMvcGV0LWhlYWx0aC10cmFja2VyLTRlYzMxL2xvY2F0aW9ucy91cy1jZW50cmFsMS9vcGVyYXRpb25zL29wZXJhdGlvbi0xNzUzNDM5MjQ3MDMzLTYzYWJlNjM3NDYzNGUtMzI4N2ZiODItNGRhOTUyZDQ 200
[debug] [2025-07-25T10:29:03.247Z] <<< [apiv2][body] GET https://cloudfunctions.googleapis.com/v1/operations/cHJvamVjdHMvcGV0LWhlYWx0aC10cmFja2VyLTRlYzMxL2xvY2F0aW9ucy91cy1jZW50cmFsMS9vcGVyYXRpb25zL29wZXJhdGlvbi0xNzUzNDM5MjQ3MDMzLTYzYWJlNjM3NDYzNGUtMzI4N2ZiODItNGRhOTUyZDQ {"name":"operations/cHJvamVjdHMvcGV0LWhlYWx0aC10cmFja2VyLTRlYzMxL2xvY2F0aW9ucy91cy1jZW50cmFsMS9vcGVyYXRpb25zL29wZXJhdGlvbi0xNzUzNDM5MjQ3MDMzLTYzYWJlNjM3NDYzNGUtMzI4N2ZiODItNGRhOTUyZDQ","metadata":{"@type":"type.googleapis.com/google.cloud.functions.v1.OperationMetadataV1","target":"projects/pet-health-tracker-4ec31/locations/us-central1/functions/deleteImage","type":"CREATE_FUNCTION","request":{"@type":"type.googleapis.com/google.cloud.functions.v1.CloudFunction","name":"projects/pet-health-tracker-4ec31/locations/us-central1/functions/deleteImage","httpsTrigger":{"securityLevel":"SECURE_ALWAYS"},"entryPoint":"deleteImage","updateTime":"1970-01-01T00:00:00Z","labels":{"deployment-tool":"cli-firebase","deployment-callable":"true","firebase-functions-hash":"8d189d164f7a5fcb79c9acbf30c870ba8e7f2cda"},"sourceUploadUrl":"https://storage.googleapis.com/uploads-671499653104.us-central1.cloudfunctions.appspot.com/adc38ec7-76fc-436d-aa52-1b6b91efff2a.zip?GoogleAccessId=service-123508617321@gcf-admin-robot.iam.gserviceaccount.com&Expires=1753441031&Signature=fKgWz4FFZCx91CfFCJ2Nqhlp8y9%2BEXxLtVE1HTjM%2Bdu0CDaVZO3PapzAsPV1NJiS7tbPRxItRjuc5VQ0O4eZh4m3bwt4UM%2BMOpwGxddnW8w3XfcJ%2F0hSSlpZMo6r6TWjXl7HJk5GQFXjwfWBzKfJnTtyzitJYyhyGQWSOXh%2FxawSwVpKxOKJsOiibPazYCZHoBqAhThqy2KFQ%2FU48f1TtSyfoMb59Bvwv4SLoytQUfkgsJgVgyKpAJVIgVB873l6uHQ4LES%2FsAWMHw4Ld16x96TwiFeLL8B9wSBQbxX0Qz1UPM%2FIFIrUgxqh%2FcTBpEFiWHmbYXUAwXrt8feGrRK3SA%3D%3D","environmentVariables":{"FIREBASE_CONFIG":"{\"projectId\":\"pet-health-tracker-4ec31\",\"storageBucket\":\"pet-health-tracker-4ec31.firebasestorage.app\"}","GCLOUD_PROJECT":"pet-health-tracker-4ec31","EVENTARC_CLOUD_EVENT_SOURCE":"projects/pet-health-tracker-4ec31/locations/us-central1/functions/deleteImage"},"runtime":"nodejs18","buildEnvironmentVariables":{"GOOGLE_NODE_RUN_SCRIPTS":""},"dockerRegistry":"ARTIFACT_REGISTRY"},"versionId":"1","updateTime":"2025-07-25T10:27:30.583122553Z","buildId":"799e59e3-1683-4ccd-ac72-458605126316","sourceToken":"395b7400-1b58-45ef-b6bd-9d9a33750e36","buildName":"projects/123508617321/locations/us-central1/builds/799e59e3-1683-4ccd-ac72-458605126316"}}
[debug] [2025-07-25T10:29:03.248Z] Got source token 395b7400-1b58-45ef-b6bd-9d9a33750e36 for region us-central1
[debug] [2025-07-25T10:29:13.250Z] [create-default-us-central1-deleteImage] Retrying task index 0
[debug] [2025-07-25T10:29:13.252Z] Checked if tokens are valid: true, expires at: 1753441794918
[debug] [2025-07-25T10:29:13.252Z] Checked if tokens are valid: true, expires at: 1753441794918
[debug] [2025-07-25T10:29:13.253Z] >>> [apiv2][query] GET https://cloudfunctions.googleapis.com/v1/operations/cHJvamVjdHMvcGV0LWhlYWx0aC10cmFja2VyLTRlYzMxL2xvY2F0aW9ucy91cy1jZW50cmFsMS9vcGVyYXRpb25zL29wZXJhdGlvbi0xNzUzNDM5MjQ3MDMzLTYzYWJlNjM3NDYzNGUtMzI4N2ZiODItNGRhOTUyZDQ [none]
[debug] [2025-07-25T10:29:13.788Z] <<< [apiv2][status] GET https://cloudfunctions.googleapis.com/v1/operations/cHJvamVjdHMvcGV0LWhlYWx0aC10cmFja2VyLTRlYzMxL2xvY2F0aW9ucy91cy1jZW50cmFsMS9vcGVyYXRpb25zL29wZXJhdGlvbi0xNzUzNDM5MjQ3MDMzLTYzYWJlNjM3NDYzNGUtMzI4N2ZiODItNGRhOTUyZDQ 200
[debug] [2025-07-25T10:29:13.788Z] <<< [apiv2][body] GET https://cloudfunctions.googleapis.com/v1/operations/cHJvamVjdHMvcGV0LWhlYWx0aC10cmFja2VyLTRlYzMxL2xvY2F0aW9ucy91cy1jZW50cmFsMS9vcGVyYXRpb25zL29wZXJhdGlvbi0xNzUzNDM5MjQ3MDMzLTYzYWJlNjM3NDYzNGUtMzI4N2ZiODItNGRhOTUyZDQ {"name":"operations/cHJvamVjdHMvcGV0LWhlYWx0aC10cmFja2VyLTRlYzMxL2xvY2F0aW9ucy91cy1jZW50cmFsMS9vcGVyYXRpb25zL29wZXJhdGlvbi0xNzUzNDM5MjQ3MDMzLTYzYWJlNjM3NDYzNGUtMzI4N2ZiODItNGRhOTUyZDQ","metadata":{"@type":"type.googleapis.com/google.cloud.functions.v1.OperationMetadataV1","target":"projects/pet-health-tracker-4ec31/locations/us-central1/functions/deleteImage","type":"CREATE_FUNCTION","request":{"@type":"type.googleapis.com/google.cloud.functions.v1.CloudFunction","name":"projects/pet-health-tracker-4ec31/locations/us-central1/functions/deleteImage","httpsTrigger":{"securityLevel":"SECURE_ALWAYS"},"entryPoint":"deleteImage","updateTime":"1970-01-01T00:00:00Z","labels":{"deployment-tool":"cli-firebase","deployment-callable":"true","firebase-functions-hash":"8d189d164f7a5fcb79c9acbf30c870ba8e7f2cda"},"sourceUploadUrl":"https://storage.googleapis.com/uploads-671499653104.us-central1.cloudfunctions.appspot.com/adc38ec7-76fc-436d-aa52-1b6b91efff2a.zip?GoogleAccessId=service-123508617321@gcf-admin-robot.iam.gserviceaccount.com&Expires=1753441031&Signature=fKgWz4FFZCx91CfFCJ2Nqhlp8y9%2BEXxLtVE1HTjM%2Bdu0CDaVZO3PapzAsPV1NJiS7tbPRxItRjuc5VQ0O4eZh4m3bwt4UM%2BMOpwGxddnW8w3XfcJ%2F0hSSlpZMo6r6TWjXl7HJk5GQFXjwfWBzKfJnTtyzitJYyhyGQWSOXh%2FxawSwVpKxOKJsOiibPazYCZHoBqAhThqy2KFQ%2FU48f1TtSyfoMb59Bvwv4SLoytQUfkgsJgVgyKpAJVIgVB873l6uHQ4LES%2FsAWMHw4Ld16x96TwiFeLL8B9wSBQbxX0Qz1UPM%2FIFIrUgxqh%2FcTBpEFiWHmbYXUAwXrt8feGrRK3SA%3D%3D","environmentVariables":{"FIREBASE_CONFIG":"{\"projectId\":\"pet-health-tracker-4ec31\",\"storageBucket\":\"pet-health-tracker-4ec31.firebasestorage.app\"}","GCLOUD_PROJECT":"pet-health-tracker-4ec31","EVENTARC_CLOUD_EVENT_SOURCE":"projects/pet-health-tracker-4ec31/locations/us-central1/functions/deleteImage"},"runtime":"nodejs18","buildEnvironmentVariables":{"GOOGLE_NODE_RUN_SCRIPTS":""},"dockerRegistry":"ARTIFACT_REGISTRY"},"versionId":"1","updateTime":"2025-07-25T10:27:30.583122553Z","buildId":"799e59e3-1683-4ccd-ac72-458605126316","sourceToken":"395b7400-1b58-45ef-b6bd-9d9a33750e36","buildName":"projects/123508617321/locations/us-central1/builds/799e59e3-1683-4ccd-ac72-458605126316"}}
[debug] [2025-07-25T10:29:13.789Z] Got source token 395b7400-1b58-45ef-b6bd-9d9a33750e36 for region us-central1
[debug] [2025-07-25T10:29:23.790Z] [create-default-us-central1-deleteImage] Retrying task index 0
[debug] [2025-07-25T10:29:23.791Z] Checked if tokens are valid: true, expires at: 1753441794918
[debug] [2025-07-25T10:29:23.791Z] Checked if tokens are valid: true, expires at: 1753441794918
[debug] [2025-07-25T10:29:23.791Z] >>> [apiv2][query] GET https://cloudfunctions.googleapis.com/v1/operations/cHJvamVjdHMvcGV0LWhlYWx0aC10cmFja2VyLTRlYzMxL2xvY2F0aW9ucy91cy1jZW50cmFsMS9vcGVyYXRpb25zL29wZXJhdGlvbi0xNzUzNDM5MjQ3MDMzLTYzYWJlNjM3NDYzNGUtMzI4N2ZiODItNGRhOTUyZDQ [none]
[debug] [2025-07-25T10:29:24.316Z] <<< [apiv2][status] GET https://cloudfunctions.googleapis.com/v1/operations/cHJvamVjdHMvcGV0LWhlYWx0aC10cmFja2VyLTRlYzMxL2xvY2F0aW9ucy91cy1jZW50cmFsMS9vcGVyYXRpb25zL29wZXJhdGlvbi0xNzUzNDM5MjQ3MDMzLTYzYWJlNjM3NDYzNGUtMzI4N2ZiODItNGRhOTUyZDQ 200
[debug] [2025-07-25T10:29:24.316Z] <<< [apiv2][body] GET https://cloudfunctions.googleapis.com/v1/operations/cHJvamVjdHMvcGV0LWhlYWx0aC10cmFja2VyLTRlYzMxL2xvY2F0aW9ucy91cy1jZW50cmFsMS9vcGVyYXRpb25zL29wZXJhdGlvbi0xNzUzNDM5MjQ3MDMzLTYzYWJlNjM3NDYzNGUtMzI4N2ZiODItNGRhOTUyZDQ {"name":"operations/cHJvamVjdHMvcGV0LWhlYWx0aC10cmFja2VyLTRlYzMxL2xvY2F0aW9ucy91cy1jZW50cmFsMS9vcGVyYXRpb25zL29wZXJhdGlvbi0xNzUzNDM5MjQ3MDMzLTYzYWJlNjM3NDYzNGUtMzI4N2ZiODItNGRhOTUyZDQ","metadata":{"@type":"type.googleapis.com/google.cloud.functions.v1.OperationMetadataV1","target":"projects/pet-health-tracker-4ec31/locations/us-central1/functions/deleteImage","type":"CREATE_FUNCTION","request":{"@type":"type.googleapis.com/google.cloud.functions.v1.CloudFunction","name":"projects/pet-health-tracker-4ec31/locations/us-central1/functions/deleteImage","httpsTrigger":{"securityLevel":"SECURE_ALWAYS"},"entryPoint":"deleteImage","updateTime":"1970-01-01T00:00:00Z","labels":{"deployment-tool":"cli-firebase","deployment-callable":"true","firebase-functions-hash":"8d189d164f7a5fcb79c9acbf30c870ba8e7f2cda"},"sourceUploadUrl":"https://storage.googleapis.com/uploads-671499653104.us-central1.cloudfunctions.appspot.com/adc38ec7-76fc-436d-aa52-1b6b91efff2a.zip?GoogleAccessId=service-123508617321@gcf-admin-robot.iam.gserviceaccount.com&Expires=1753441031&Signature=fKgWz4FFZCx91CfFCJ2Nqhlp8y9%2BEXxLtVE1HTjM%2Bdu0CDaVZO3PapzAsPV1NJiS7tbPRxItRjuc5VQ0O4eZh4m3bwt4UM%2BMOpwGxddnW8w3XfcJ%2F0hSSlpZMo6r6TWjXl7HJk5GQFXjwfWBzKfJnTtyzitJYyhyGQWSOXh%2FxawSwVpKxOKJsOiibPazYCZHoBqAhThqy2KFQ%2FU48f1TtSyfoMb59Bvwv4SLoytQUfkgsJgVgyKpAJVIgVB873l6uHQ4LES%2FsAWMHw4Ld16x96TwiFeLL8B9wSBQbxX0Qz1UPM%2FIFIrUgxqh%2FcTBpEFiWHmbYXUAwXrt8feGrRK3SA%3D%3D","environmentVariables":{"FIREBASE_CONFIG":"{\"projectId\":\"pet-health-tracker-4ec31\",\"storageBucket\":\"pet-health-tracker-4ec31.firebasestorage.app\"}","GCLOUD_PROJECT":"pet-health-tracker-4ec31","EVENTARC_CLOUD_EVENT_SOURCE":"projects/pet-health-tracker-4ec31/locations/us-central1/functions/deleteImage"},"runtime":"nodejs18","buildEnvironmentVariables":{"GOOGLE_NODE_RUN_SCRIPTS":""},"dockerRegistry":"ARTIFACT_REGISTRY"},"versionId":"1","updateTime":"2025-07-25T10:29:18.351181669Z","buildId":"799e59e3-1683-4ccd-ac72-458605126316","sourceToken":"395b7400-1b58-45ef-b6bd-9d9a33750e36","buildName":"projects/123508617321/locations/us-central1/builds/799e59e3-1683-4ccd-ac72-458605126316"},"done":true,"response":{"@type":"type.googleapis.com/google.cloud.functions.v1.CloudFunction","name":"projects/pet-health-tracker-4ec31/locations/us-central1/functions/deleteImage","httpsTrigger":{"url":"https://us-central1-pet-health-tracker-4ec31.cloudfunctions.net/deleteImage","securityLevel":"SECURE_ALWAYS"},"status":"ACTIVE","entryPoint":"deleteImage","timeout":"60s","availableMemoryMb":256,"serviceAccountEmail":"pet-health-tracker-4ec31@appspot.gserviceaccount.com","updateTime":"2025-07-25T10:27:30.577844371Z","versionId":"1","labels":{"deployment-tool":"cli-firebase","deployment-callable":"true","firebase-functions-hash":"8d189d164f7a5fcb79c9acbf30c870ba8e7f2cda"},"sourceUploadUrl":"https://storage.googleapis.com/uploads-671499653104.us-central1.cloudfunctions.appspot.com/adc38ec7-76fc-436d-aa52-1b6b91efff2a.zip","environmentVariables":{"FIREBASE_CONFIG":"{\"projectId\":\"pet-health-tracker-4ec31\",\"storageBucket\":\"pet-health-tracker-4ec31.firebasestorage.app\"}","GCLOUD_PROJECT":"pet-health-tracker-4ec31","EVENTARC_CLOUD_EVENT_SOURCE":"projects/pet-health-tracker-4ec31/locations/us-central1/functions/deleteImage"},"runtime":"nodejs18","ingressSettings":"ALLOW_ALL","buildId":"799e59e3-1683-4ccd-ac72-458605126316","buildEnvironmentVariables":{"GOOGLE_NODE_RUN_SCRIPTS":""},"buildName":"projects/123508617321/locations/us-central1/builds/799e59e3-1683-4ccd-ac72-458605126316","dockerRegistry":"ARTIFACT_REGISTRY","automaticUpdatePolicy":{},"buildServiceAccount":"projects/pet-health-tracker-4ec31/serviceAccounts/123508617321-compute@developer.gserviceaccount.com","satisfiesPzi":true}}
[debug] [2025-07-25T10:29:24.316Z] Got source token 395b7400-1b58-45ef-b6bd-9d9a33750e36 for region us-central1
[debug] [2025-07-25T10:29:24.317Z] Checked if tokens are valid: true, expires at: 1753441794918
[debug] [2025-07-25T10:29:24.317Z] Checked if tokens are valid: true, expires at: 1753441794918
[debug] [2025-07-25T10:29:24.317Z] >>> [apiv2][query] POST https://cloudfunctions.googleapis.com/v1/projects/pet-health-tracker-4ec31/locations/us-central1/functions/deleteImage:setIamPolicy [none]
[debug] [2025-07-25T10:29:24.318Z] >>> [apiv2][body] POST https://cloudfunctions.googleapis.com/v1/projects/pet-health-tracker-4ec31/locations/us-central1/functions/deleteImage:setIamPolicy {"policy":{"bindings":[{"role":"roles/cloudfunctions.invoker","members":["allUsers"]}],"etag":"","version":3},"updateMask":"bindings,etag,version"}
[debug] [2025-07-25T10:29:35.367Z] *** [apiv2] error from fetch(https://cloudfunctions.googleapis.com/v1/projects/pet-health-tracker-4ec31/locations/us-central1/functions/deleteImage:setIamPolicy, {"headers":{},"method":"POST","body":"{\"policy\":{\"bindings\":[{\"role\":\"roles/cloudfunctions.invoker\",\"members\":[\"allUsers\"]}],\"etag\":\"\",\"version\":3},\"updateMask\":\"bindings,etag,version\"}"}): FetchError: request to https://cloudfunctions.googleapis.com/v1/projects/pet-health-tracker-4ec31/locations/us-central1/functions/deleteImage:setIamPolicy failed, reason: read ECONNRESET
[error] Failed to set the IAM Policy on the function projects/pet-health-tracker-4ec31/locations/us-central1/functions/deleteImage
[debug] [2025-07-25T10:29:35.678Z] Total Function Deployment time: 127436
[debug] [2025-07-25T10:29:35.678Z] 1 Functions Deployed
[debug] [2025-07-25T10:29:35.678Z] 1 Functions Errored
[debug] [2025-07-25T10:29:35.679Z] 0 Function Deployments Aborted
[debug] [2025-07-25T10:29:35.679Z] Average Function Deployment time: 127433
[info] 
[info] Functions deploy had errors with the following functions:
	deleteImage(us-central1)
[info] 
[info] Unable to set the invoker for the IAM policy on the following functions:
	deleteImage(us-central1)
[info] 
[info] Some common causes of this:
[info] 
[info] - You may not have the roles/functions.admin IAM role. Note that roles/functions.developer does not allow you to change IAM policies.
[info] 
[info] - An organization policy that restricts Network Access on your project.
[debug] [2025-07-25T10:29:47.727Z] Checked if tokens are valid: true, expires at: 1753441794918
[debug] [2025-07-25T10:29:47.727Z] Checked if tokens are valid: true, expires at: 1753441794918
[debug] [2025-07-25T10:29:47.727Z] >>> [apiv2][query] GET https://artifactregistry.googleapis.com/v1/projects/pet-health-tracker-4ec31/locations/us-central1/repositories/gcf-artifacts [none]
[debug] [2025-07-25T10:29:49.243Z] <<< [apiv2][status] GET https://artifactregistry.googleapis.com/v1/projects/pet-health-tracker-4ec31/locations/us-central1/repositories/gcf-artifacts 200
[debug] [2025-07-25T10:29:49.243Z] <<< [apiv2][body] GET https://artifactregistry.googleapis.com/v1/projects/pet-health-tracker-4ec31/locations/us-central1/repositories/gcf-artifacts {"name":"projects/pet-health-tracker-4ec31/locations/us-central1/repositories/gcf-artifacts","format":"DOCKER","description":"This repository is created and used by Cloud Functions for storing function docker images.","labels":{"goog-managed-by":"cloudfunctions"},"createTime":"2025-07-25T10:27:47.827162Z","updateTime":"2025-07-25T10:28:48.161476Z","mode":"STANDARD_REPOSITORY","sizeBytes":"522375315","vulnerabilityScanningConfig":{"lastEnableTime":"2025-07-25T10:27:32.795649141Z","enablementState":"SCANNING_DISABLED","enablementStateReason":"API containerscanning.googleapis.com is not enabled."},"satisfiesPzi":true,"registryUri":"us-central1-docker.pkg.dev/pet-health-tracker-4ec31/gcf-artifacts"}
[warn] !  functions: No cleanup policy detected for repositories in us-central1. This may result in a small monthly bill as container images accumulate over time. 
[info] i  functions: Configuring cleanup policy for repository in us-central1. Images older than 1 days will be automatically deleted. 
[debug] [2025-07-25T10:29:49.461Z] Setting up artifact cleanup policy for region us-central1
[debug] [2025-07-25T10:29:49.461Z] Checked if tokens are valid: true, expires at: 1753441794918
[debug] [2025-07-25T10:29:49.461Z] Checked if tokens are valid: true, expires at: 1753441794918
[debug] [2025-07-25T10:29:49.462Z] >>> [apiv2][query] PATCH https://artifactregistry.googleapis.com/v1/projects/pet-health-tracker-4ec31/locations/us-central1/repositories/gcf-artifacts updateMask=name%2CcleanupPolicies%2CcleanupPolicyDryRun%2Clabels
[debug] [2025-07-25T10:29:49.462Z] >>> [apiv2][body] PATCH https://artifactregistry.googleapis.com/v1/projects/pet-health-tracker-4ec31/locations/us-central1/repositories/gcf-artifacts {"name":"projects/pet-health-tracker-4ec31/locations/us-central1/repositories/gcf-artifacts","cleanupPolicies":{"firebase-functions-cleanup":{"id":"firebase-functions-cleanup","condition":{"tagState":"ANY","olderThan":"86400s"},"action":"DELETE"}},"cleanupPolicyDryRun":false,"labels":{"goog-managed-by":"cloudfunctions"}}
[debug] [2025-07-25T10:29:50.358Z] <<< [apiv2][status] PATCH https://artifactregistry.googleapis.com/v1/projects/pet-health-tracker-4ec31/locations/us-central1/repositories/gcf-artifacts 200
[debug] [2025-07-25T10:29:50.359Z] <<< [apiv2][body] PATCH https://artifactregistry.googleapis.com/v1/projects/pet-health-tracker-4ec31/locations/us-central1/repositories/gcf-artifacts {"name":"projects/pet-health-tracker-4ec31/locations/us-central1/repositories/gcf-artifacts","format":"DOCKER","description":"This repository is created and used by Cloud Functions for storing function docker images.","labels":{"goog-managed-by":"cloudfunctions"},"createTime":"2025-07-25T10:27:47.827162Z","updateTime":"2025-07-25T10:29:49.029494Z","mode":"STANDARD_REPOSITORY","cleanupPolicies":{"firebase-functions-cleanup":{"id":"firebase-functions-cleanup","action":"DELETE","condition":{"tagState":"ANY","olderThan":"86400s"}}},"vulnerabilityScanningConfig":{"lastEnableTime":"2025-07-25T10:27:32.795649141Z","enablementState":"SCANNING_DISABLED","enablementStateReason":"API containerscanning.googleapis.com is not enabled."},"satisfiesPzi":true}
[info] i  functions: Configured cleanup policy for repository in us-central1. 
[debug] [2025-07-25T10:29:50.360Z] Functions deploy failed.
[debug] [2025-07-25T10:29:50.361Z] {
  "endpoint": {
    "id": "deleteImage",
    "project": "pet-health-tracker-4ec31",
    "region": "us-central1",
    "entryPoint": "deleteImage",
    "platform": "gcfv1",
    "runtime": "nodejs18",
    "callableTrigger": {},
    "labels": {
      "deployment-tool": "cli-firebase"
    },
    "serviceAccount": null,
    "ingressSettings": null,
    "availableMemoryMb": null,
    "timeoutSeconds": null,
    "maxInstances": null,
    "minInstances": null,
    "vpc": null,
    "environmentVariables": {
      "FIREBASE_CONFIG": "{\"projectId\":\"pet-health-tracker-4ec31\",\"storageBucket\":\"pet-health-tracker-4ec31.firebasestorage.app\"}",
      "GCLOUD_PROJECT": "pet-health-tracker-4ec31",
      "EVENTARC_CLOUD_EVENT_SOURCE": "projects/pet-health-tracker-4ec31/locations/us-central1/functions/deleteImage"
    },
    "codebase": "default",
    "targetedByOnly": false,
    "hash": "8d189d164f7a5fcb79c9acbf30c870ba8e7f2cda",
    "uri": "https://us-central1-pet-health-tracker-4ec31.cloudfunctions.net/deleteImage"
  },
  "op": "set invoker",
  "original": {
    "name": "FirebaseError",
    "children": [],
    "exit": 1,
    "message": "Failed to set the IAM Policy on the function projects/pet-health-tracker-4ec31/locations/us-central1/functions/deleteImage",
    "original": {
      "name": "FirebaseError",
      "children": [],
      "exit": 1,
      "message": "Failed to make request to https://cloudfunctions.googleapis.com/v1/projects/pet-health-tracker-4ec31/locations/us-central1/functions/deleteImage:setIamPolicy",
      "original": {
        "message": "request to https://cloudfunctions.googleapis.com/v1/projects/pet-health-tracker-4ec31/locations/us-central1/functions/deleteImage:setIamPolicy failed, reason: read ECONNRESET",
        "type": "system",
        "errno": "ECONNRESET",
        "code": "ECONNRESET"
      },
      "status": 500
    },
    "status": 500,
    "code": 500
  }
}
[debug] [2025-07-25T10:29:50.877Z] Error: Failed to set invoker function deleteImage in region us-central1
    at C:\Users\karim\AppData\Roaming\npm\node_modules\firebase-tools\lib\deploy\functions\release\fabricator.js:52:11
    at process.processTicksAndRejections (node:internal/process/task_queues:105:5)
    at async Fabricator.createV1Function (C:\Users\karim\AppData\Roaming\npm\node_modules\firebase-tools\lib\deploy\functions\release\fabricator.js:201:13)
    at async Fabricator.createEndpoint (C:\Users\karim\AppData\Roaming\npm\node_modules\firebase-tools\lib\deploy\functions\release\fabricator.js:134:13)
    at async handle (C:\Users\karim\AppData\Roaming\npm\node_modules\firebase-tools\lib\deploy\functions\release\fabricator.js:89:17)
[error] 
[error] Error: There was an error deploying functions
